[debug] [2021-10-24T19:10:22.784Z] ----------------------------------------------------------------------
[debug] [2021-10-24T19:10:22.787Z] Command:       C:\Program Files\nodejs\node.exe C:\Users\91912\AppData\Roaming\npm\node_modules\firebase-tools\lib\bin\firebase.js deploy
[debug] [2021-10-24T19:10:22.787Z] CLI Version:   9.21.0
[debug] [2021-10-24T19:10:22.788Z] Platform:      win32
[debug] [2021-10-24T19:10:22.788Z] Node Version:  v12.18.4
[debug] [2021-10-24T19:10:22.789Z] Time:          Mon Oct 25 2021 00:40:22 GMT+0530 (India Standard Time)
[debug] [2021-10-24T19:10:22.789Z] ----------------------------------------------------------------------
[debug] 
[debug] [2021-10-24T19:10:22.888Z] > command requires scopes: ["email","openid","https://www.googleapis.com/auth/cloudplatformprojects.readonly","https://www.googleapis.com/auth/firebase","https://www.googleapis.com/auth/cloud-platform"]
[debug] [2021-10-24T19:10:22.889Z] > authorizing via signed-in user (edu.srjha01@gmail.com)
[debug] [2021-10-24T19:10:22.889Z] [iam] checking project todo-list-bc6a6 for permissions ["firebase.projects.get","firebasehosting.sites.update"]
[debug] [2021-10-24T19:10:22.893Z] >>> HTTP REQUEST POST https://cloudresourcemanager.googleapis.com/v1/projects/todo-list-bc6a6:testIamPermissions  
 {"permissions":["firebase.projects.get","firebasehosting.sites.update"]}
[debug] [2021-10-24T19:10:22.950Z] [iam] error while checking permissions, command may fail: FirebaseError: Server Error. getaddrinfo ENOTFOUND cloudresourcemanager.googleapis.com
[debug] [2021-10-24T19:10:22.953Z] > refreshing access token with scopes: []
[debug] [2021-10-24T19:10:22.953Z] >>> HTTP REQUEST POST https://www.googleapis.com/oauth2/v3/token  
 <request body omitted>
[debug] [2021-10-24T19:10:22.961Z] Authentication Error: Your credentials are no longer valid. Please run firebase login --reauth

For CI servers and headless environments, generate a new token with firebase login:ci
[debug] [2021-10-24T19:10:22.973Z] FirebaseError: Authentication Error: Your credentials are no longer valid. Please run firebase login --reauth

For CI servers and headless environments, generate a new token with firebase login:ci
    at invalidCredentialError (C:\Users\91912\AppData\Roaming\npm\node_modules\firebase-tools\lib\auth.js:141:12)
    at refreshTokens (C:\Users\91912\AppData\Roaming\npm\node_modules\firebase-tools\lib\auth.js:448:15)
    at processTicksAndRejections (internal/process/task_queues.js:97:5)
[error] 
[error] Error: Failed to get Firebase project todo-list-bc6a6. Please make sure the project exists and your account has permission to access it.
